{"total": {"lines":{"total":653,"covered":507,"skipped":0,"pct":77.64},"statements":{"total":680,"covered":525,"skipped":0,"pct":77.2},"functions":{"total":103,"covered":76,"skipped":0,"pct":73.78},"branches":{"total":281,"covered":161,"skipped":0,"pct":57.29},"branchesTrue":{"total":0,"covered":0,"skipped":0,"pct":100}}
,"/mnt/ext2/code/prompts/github/forks/companion-module-bmd-hyperdeck/src/actions.ts": {"lines":{"total":222,"covered":144,"skipped":0,"pct":64.86},"functions":{"total":47,"covered":26,"skipped":0,"pct":55.31},"statements":{"total":238,"covered":154,"skipped":0,"pct":64.7},"branches":{"total":104,"covered":43,"skipped":0,"pct":41.34}}
,"/mnt/ext2/code/prompts/github/forks/companion-module-bmd-hyperdeck/src/choices.ts": {"lines":{"total":63,"covered":63,"skipped":0,"pct":100},"functions":{"total":6,"covered":6,"skipped":0,"pct":100},"statements":{"total":63,"covered":63,"skipped":0,"pct":100},"branches":{"total":16,"covered":16,"skipped":0,"pct":100}}
,"/mnt/ext2/code/prompts/github/forks/companion-module-bmd-hyperdeck/src/config.ts": {"lines":{"total":12,"covered":12,"skipped":0,"pct":100},"functions":{"total":4,"covered":4,"skipped":0,"pct":100},"statements":{"total":12,"covered":12,"skipped":0,"pct":100},"branches":{"total":0,"covered":0,"skipped":0,"pct":100}}
,"/mnt/ext2/code/prompts/github/forks/companion-module-bmd-hyperdeck/src/feedbacks.ts": {"lines":{"total":40,"covered":37,"skipped":0,"pct":92.5},"functions":{"total":14,"covered":12,"skipped":0,"pct":85.71},"statements":{"total":40,"covered":37,"skipped":0,"pct":92.5},"branches":{"total":16,"covered":15,"skipped":0,"pct":93.75}}
,"/mnt/ext2/code/prompts/github/forks/companion-module-bmd-hyperdeck/src/models.ts": {"lines":{"total":3,"covered":3,"skipped":0,"pct":100},"functions":{"total":0,"covered":0,"skipped":0,"pct":100},"statements":{"total":3,"covered":3,"skipped":0,"pct":100},"branches":{"total":0,"covered":0,"skipped":0,"pct":100}}
,"/mnt/ext2/code/prompts/github/forks/companion-module-bmd-hyperdeck/src/presets.ts": {"lines":{"total":32,"covered":32,"skipped":0,"pct":100},"functions":{"total":1,"covered":1,"skipped":0,"pct":100},"statements":{"total":32,"covered":32,"skipped":0,"pct":100},"branches":{"total":0,"covered":0,"skipped":0,"pct":100}}
,"/mnt/ext2/code/prompts/github/forks/companion-module-bmd-hyperdeck/src/upgrades.ts": {"lines":{"total":70,"covered":68,"skipped":0,"pct":97.14},"functions":{"total":4,"covered":4,"skipped":0,"pct":100},"statements":{"total":71,"covered":68,"skipped":0,"pct":95.77},"branches":{"total":32,"covered":25,"skipped":0,"pct":78.12}}
,"/mnt/ext2/code/prompts/github/forks/companion-module-bmd-hyperdeck/src/util.ts": {"lines":{"total":30,"covered":30,"skipped":0,"pct":100},"functions":{"total":8,"covered":8,"skipped":0,"pct":100},"statements":{"total":32,"covered":32,"skipped":0,"pct":100},"branches":{"total":7,"covered":6,"skipped":0,"pct":85.71}}
,"/mnt/ext2/code/prompts/github/forks/companion-module-bmd-hyperdeck/src/variables.ts": {"lines":{"total":167,"covered":104,"skipped":0,"pct":62.27},"functions":{"total":17,"covered":13,"skipped":0,"pct":76.47},"statements":{"total":174,"covered":109,"skipped":0,"pct":62.64},"branches":{"total":106,"covered":56,"skipped":0,"pct":52.83}}
,"/mnt/ext2/code/prompts/github/forks/companion-module-bmd-hyperdeck/src/choices/videoFormats.ts": {"lines":{"total":14,"covered":14,"skipped":0,"pct":100},"functions":{"total":2,"covered":2,"skipped":0,"pct":100},"statements":{"total":15,"covered":15,"skipped":0,"pct":100},"branches":{"total":0,"covered":0,"skipped":0,"pct":100}}
}
